<?xml version="1.0" encoding="UTF-8"?>
<testng-results skipped="0" failed="1" total="1" passed="0">
  <reporter-output>
  </reporter-output>
  <suite name="Default suite" duration-ms="5027" started-at="2021-09-16T04:35:16Z" finished-at="2021-09-16T04:35:21Z">
    <groups>
    </groups>
    <test name="Default test" duration-ms="5027" started-at="2021-09-16T04:35:16Z" finished-at="2021-09-16T04:35:21Z">
      <class name="test.Ajio">
        <test-method status="FAIL" signature="ajio()[pri:0, instance:test.Ajio@32464a14]" name="ajio" duration-ms="4780" started-at="2021-09-16T10:05:16Z" finished-at="2021-09-16T10:05:21Z">
          <exception class="org.openqa.selenium.SessionNotCreatedException">
            <message>
              <![CDATA[session not created: This version of ChromeDriver only supports Chrome version 90
Current browser version is 93.0.4577.63 with binary path C:\Program Files (x86)\Google\Chrome\Application\chrome.exe
Build info: version: '3.141.59', revision: 'e82be7d358', time: '2018-11-14T08:17:03'
System info: host: 'DESKTOP-QU51HI3', ip: '172.16.16.69', os.name: 'Windows 10', os.arch: 'amd64', os.version: '10.0', java.version: '1.8.0_291'
Driver info: driver.version: ChromeDriver
remote stacktrace: Backtrace:
	Ordinal0 [0x0067C013+2474003]
	Ordinal0 [0x006129C1+2042305]
	Ordinal0 [0x00522F68+1060712]
	Ordinal0 [0x0054188E+1185934]
	Ordinal0 [0x0053D600+1168896]
	Ordinal0 [0x0053AA83+1157763]
	Ordinal0 [0x0056A2A2+1352354]
	Ordinal0 [0x00568FAA+1347498]
	Ordinal0 [0x005666DB+1337051]
	Ordinal0 [0x00543427+1192999]
	Ordinal0 [0x005442EE+1196782]
	Ordinal0 [0x00544279+1196665]
	GetHandleVerifier [0x008096FC+1590332]
	GetHandleVerifier [0x008B8614+2306900]
	GetHandleVerifier [0x00709E93+543699]
	GetHandleVerifier [0x007092CE+540686]
	Ordinal0 [0x006186BA+2066106]
	Ordinal0 [0x0061D1C8+2085320]
	Ordinal0 [0x0061D308+2085640]
	Ordinal0 [0x006267F3+2123763]
	BaseThreadInitThunk [0x75DCFA29+25]
	RtlGetAppContainerNamedObjectPath [0x771D7A7E+286]
	RtlGetAppContainerNamedObjectPath [0x771D7A4E+238]
]]>
            </message>
            <full-stacktrace>
              <![CDATA[org.openqa.selenium.SessionNotCreatedException: session not created: This version of ChromeDriver only supports Chrome version 90
Current browser version is 93.0.4577.63 with binary path C:\Program Files (x86)\Google\Chrome\Application\chrome.exe
Build info: version: '3.141.59', revision: 'e82be7d358', time: '2018-11-14T08:17:03'
System info: host: 'DESKTOP-QU51HI3', ip: '172.16.16.69', os.name: 'Windows 10', os.arch: 'amd64', os.version: '10.0', java.version: '1.8.0_291'
Driver info: driver.version: ChromeDriver
remote stacktrace: Backtrace:
	Ordinal0 [0x0067C013+2474003]
	Ordinal0 [0x006129C1+2042305]
	Ordinal0 [0x00522F68+1060712]
	Ordinal0 [0x0054188E+1185934]
	Ordinal0 [0x0053D600+1168896]
	Ordinal0 [0x0053AA83+1157763]
	Ordinal0 [0x0056A2A2+1352354]
	Ordinal0 [0x00568FAA+1347498]
	Ordinal0 [0x005666DB+1337051]
	Ordinal0 [0x00543427+1192999]
	Ordinal0 [0x005442EE+1196782]
	Ordinal0 [0x00544279+1196665]
	GetHandleVerifier [0x008096FC+1590332]
	GetHandleVerifier [0x008B8614+2306900]
	GetHandleVerifier [0x00709E93+543699]
	GetHandleVerifier [0x007092CE+540686]
	Ordinal0 [0x006186BA+2066106]
	Ordinal0 [0x0061D1C8+2085320]
	Ordinal0 [0x0061D308+2085640]
	Ordinal0 [0x006267F3+2123763]
	BaseThreadInitThunk [0x75DCFA29+25]
	RtlGetAppContainerNamedObjectPath [0x771D7A7E+286]
	RtlGetAppContainerNamedObjectPath [0x771D7A4E+238]

	at sun.reflect.NativeConstructorAccessorImpl.newInstance0(Native Method)
	at sun.reflect.NativeConstructorAccessorImpl.newInstance(Unknown Source)
	at sun.reflect.DelegatingConstructorAccessorImpl.newInstance(Unknown Source)
	at java.lang.reflect.Constructor.newInstance(Unknown Source)
	at org.openqa.selenium.remote.W3CHandshakeResponse.lambda$errorHandler$0(W3CHandshakeResponse.java:62)
	at org.openqa.selenium.remote.HandshakeResponse.lambda$getResponseFunction$0(HandshakeResponse.java:30)
	at org.openqa.selenium.remote.ProtocolHandshake.lambda$createSession$0(ProtocolHandshake.java:126)
	at java.util.stream.ReferencePipeline$3$1.accept(Unknown Source)
	at java.util.Spliterators$ArraySpliterator.tryAdvance(Unknown Source)
	at java.util.stream.ReferencePipeline.forEachWithCancel(Unknown Source)
	at java.util.stream.AbstractPipeline.copyIntoWithCancel(Unknown Source)
	at java.util.stream.AbstractPipeline.copyInto(Unknown Source)
	at java.util.stream.AbstractPipeline.wrapAndCopyInto(Unknown Source)
	at java.util.stream.FindOps$FindOp.evaluateSequential(Unknown Source)
	at java.util.stream.AbstractPipeline.evaluate(Unknown Source)
	at java.util.stream.ReferencePipeline.findFirst(Unknown Source)
	at org.openqa.selenium.remote.ProtocolHandshake.createSession(ProtocolHandshake.java:128)
	at org.openqa.selenium.remote.ProtocolHandshake.createSession(ProtocolHandshake.java:74)
	at org.openqa.selenium.remote.HttpCommandExecutor.execute(HttpCommandExecutor.java:136)
	at org.openqa.selenium.remote.service.DriverCommandExecutor.execute(DriverCommandExecutor.java:83)
	at org.openqa.selenium.remote.RemoteWebDriver.execute(RemoteWebDriver.java:552)
	at org.openqa.selenium.remote.RemoteWebDriver.startSession(RemoteWebDriver.java:213)
	at org.openqa.selenium.remote.RemoteWebDriver.<init>(RemoteWebDriver.java:131)
	at org.openqa.selenium.chrome.ChromeDriver.<init>(ChromeDriver.java:181)
	at org.openqa.selenium.chrome.ChromeDriver.<init>(ChromeDriver.java:168)
	at org.openqa.selenium.chrome.ChromeDriver.<init>(ChromeDriver.java:123)
	at test.Ajio.ajio(Ajio.java:11)
	at sun.reflect.NativeMethodAccessorImpl.invoke0(Native Method)
	at sun.reflect.NativeMethodAccessorImpl.invoke(Unknown Source)
	at sun.reflect.DelegatingMethodAccessorImpl.invoke(Unknown Source)
	at java.lang.reflect.Method.invoke(Unknown Source)
	at org.testng.internal.MethodInvocationHelper.invokeMethod(MethodInvocationHelper.java:86)
	at org.testng.internal.Invoker.invokeMethod(Invoker.java:645)
	at org.testng.internal.Invoker.invokeTestMethod(Invoker.java:822)
	at org.testng.internal.Invoker.invokeTestMethods(Invoker.java:1130)
	at org.testng.internal.TestMethodWorker.invokeTestMethods(TestMethodWorker.java:129)
	at org.testng.internal.TestMethodWorker.run(TestMethodWorker.java:112)
	at org.testng.TestRunner.privateRun(TestRunner.java:782)
	at org.testng.TestRunner.run(TestRunner.java:632)
	at org.testng.SuiteRunner.runTest(SuiteRunner.java:366)
	at org.testng.SuiteRunner.runSequentially(SuiteRunner.java:361)
	at org.testng.SuiteRunner.privateRun(SuiteRunner.java:319)
	at org.testng.SuiteRunner.run(SuiteRunner.java:268)
	at org.testng.SuiteRunnerWorker.runSuite(SuiteRunnerWorker.java:52)
	at org.testng.SuiteRunnerWorker.run(SuiteRunnerWorker.java:86)
	at org.testng.TestNG.runSuitesSequentially(TestNG.java:1244)
	at org.testng.TestNG.runSuitesLocally(TestNG.java:1169)
	at org.testng.TestNG.run(TestNG.java:1064)
	at org.testng.remote.RemoteTestNG.run(RemoteTestNG.java:113)
	at org.testng.remote.RemoteTestNG.initAndRun(RemoteTestNG.java:206)
	at org.testng.remote.RemoteTestNG.main(RemoteTestNG.java:177)
]]>
            </full-stacktrace>
          </exception> <!-- org.openqa.selenium.SessionNotCreatedException -->
          <reporter-output>
          </reporter-output>
        </test-method> <!-- ajio -->
      </class> <!-- test.Ajio -->
    </test> <!-- Default test -->
  </suite> <!-- Default suite -->
</testng-results>
